<?xml version="1.0" encoding="UTF-8" ?>
<testsuite failures="0" time="1.263" errors="1" skipped="0" tests="1" name="olutopas.BeerTest">
  <properties>
[...]
</properties>
  <testcase time="1.138" classname="olutopas.BeerTest" name="brewerySavedCorrectly">
    <error message="Error reading annotations for olutopas.model.Beer" type="java.lang.RuntimeException">java.lang.RuntimeException: Error reading annotations for olutopas.model.Beer
	at com.avaje.ebeaninternal.server.deploy.parse.ReadAnnotations.readAssociations(ReadAnnotations.java:54)
	at com.avaje.ebeaninternal.server.deploy.BeanDescriptorManager.readDeployAssociations(BeanDescriptorManager.java:1034)
	at com.avaje.ebeaninternal.server.deploy.BeanDescriptorManager.readEntityDeploymentAssociations(BeanDescriptorManager.java:565)
	at com.avaje.ebeaninternal.server.deploy.BeanDescriptorManager.deploy(BeanDescriptorManager.java:252)
	at com.avaje.ebeaninternal.server.core.InternalConfiguration.&lt;init&gt;(InternalConfiguration.java:124)
	at com.avaje.ebeaninternal.server.core.DefaultServerFactory.createServer(DefaultServerFactory.java:210)
	at com.avaje.ebeaninternal.server.core.DefaultServerFactory.createServer(DefaultServerFactory.java:64)
	at com.avaje.ebean.EbeanServerFactory.create(EbeanServerFactory.java:59)
	at olutopas.BeerTest.setUp(BeerTest.java:38)
	at sun.reflect.NativeMethodAccessorImpl.invoke0(Native Method)
	at sun.reflect.NativeMethodAccessorImpl.invoke(NativeMethodAccessorImpl.java:57)
	at sun.reflect.DelegatingMethodAccessorImpl.invoke(DelegatingMethodAccessorImpl.java:43)
	at java.lang.reflect.Method.invoke(Method.java:616)
	at org.junit.runners.model.FrameworkMethod$1.runReflectiveCall(FrameworkMethod.java:45)
	at org.junit.internal.runners.model.ReflectiveCallable.run(ReflectiveCallable.java:15)
	at org.junit.runners.model.FrameworkMethod.invokeExplosively(FrameworkMethod.java:42)
	at org.junit.internal.runners.statements.RunBefores.evaluate(RunBefores.java:27)
	at org.junit.runners.ParentRunner.runLeaf(ParentRunner.java:263)
	at org.junit.runners.BlockJUnit4ClassRunner.runChild(BlockJUnit4ClassRunner.java:68)
	at org.junit.runners.BlockJUnit4ClassRunner.runChild(BlockJUnit4ClassRunner.java:47)
	at org.junit.runners.ParentRunner$3.run(ParentRunner.java:231)
	at org.junit.runners.ParentRunner$1.schedule(ParentRunner.java:60)
	at org.junit.runners.ParentRunner.runChildren(ParentRunner.java:229)
	at org.junit.runners.ParentRunner.access$000(ParentRunner.java:50)
	at org.junit.runners.ParentRunner$2.evaluate(ParentRunner.java:222)
	at org.junit.runners.ParentRunner.run(ParentRunner.java:300)
	at org.apache.maven.surefire.junit4.JUnit4TestSet.execute(JUnit4TestSet.java:53)
	at org.apache.maven.surefire.junit4.JUnit4Provider.executeTestSet(JUnit4Provider.java:123)
	at org.apache.maven.surefire.junit4.JUnit4Provider.invoke(JUnit4Provider.java:104)
	at sun.reflect.NativeMethodAccessorImpl.invoke0(Native Method)
	at sun.reflect.NativeMethodAccessorImpl.invoke(NativeMethodAccessorImpl.java:57)
	at sun.reflect.DelegatingMethodAccessorImpl.invoke(DelegatingMethodAccessorImpl.java:43)
	at java.lang.reflect.Method.invoke(Method.java:616)
	at org.apache.maven.surefire.util.ReflectionUtils.invokeMethodWithArray(ReflectionUtils.java:164)
	at org.apache.maven.surefire.booter.ProviderFactory$ProviderProxy.invoke(ProviderFactory.java:110)
	at org.apache.maven.surefire.booter.SurefireStarter.invokeProvider(SurefireStarter.java:175)
	at org.apache.maven.surefire.booter.SurefireStarter.runSuitesInProcessWhenForked(SurefireStarter.java:107)
	at org.apache.maven.surefire.booter.ForkedBooter.main(ForkedBooter.java:68)
Caused by: java.lang.RuntimeException: Error with association to [class olutopas.model.Pub] from [olutopas.model.Beer.pubs]. Is class olutopas.model.Pub registered?
	at com.avaje.ebeaninternal.server.deploy.parse.AnnotationAssocManys.readToMany(AnnotationAssocManys.java:285)
	at com.avaje.ebeaninternal.server.deploy.parse.AnnotationAssocManys.read(AnnotationAssocManys.java:70)
	at com.avaje.ebeaninternal.server.deploy.parse.AnnotationAssocManys.parse(AnnotationAssocManys.java:52)
	at com.avaje.ebeaninternal.server.deploy.parse.ReadAnnotations.readAssociations(ReadAnnotations.java:46)
	... 37 more
</error>
    <system-err>14.4.2013 23:03:51 com.avaje.ebean.config.PropertyMapLoader load
SEVERE: ebean.properties not found
14.4.2013 23:03:51 com.avaje.ebeaninternal.api.ClassLoadContext getDefault
INFO: Ambiguous ClassLoader choice preferContext:true Context:sun.misc.Launcher$AppClassLoader Caller:org.apache.maven.surefire.booter.IsolatedClassLoader
14.4.2013 23:03:51 com.avaje.ebeaninternal.server.lib.sql.DataSourcePool initialise
INFO: DataSourcePool [beerDb] autoCommit[false] transIsolation[READ_COMMITTED] min[2] max[20]
14.4.2013 23:03:52 com.avaje.ebeaninternal.server.core.DefaultServerFactory setDatabasePlatform
INFO: DatabasePlatform name:beerDb platform:h2
14.4.2013 23:03:52 com.avaje.ebeaninternal.api.ClassLoadContext getDefault
INFO: Ambiguous ClassLoader choice preferContext:true Context:sun.misc.Launcher$AppClassLoader Caller:org.apache.maven.surefire.booter.IsolatedClassLoader
14.4.2013 23:03:52 com.avaje.ebeaninternal.api.ClassUtil getClassLoader
INFO: Ambigous ClassLoader (Context vs Caller) chosen sun.misc.Launcher$AppClassLoader@35a16869
14.4.2013 23:03:52 com.avaje.ebeaninternal.server.subclass.SubClassManager$1 run
INFO: SubClassFactory parent ClassLoader [sun.misc.Launcher$AppClassLoader]
14.4.2013 23:03:52 com.avaje.ebeaninternal.api.ClassLoadContext getDefault
INFO: Ambiguous ClassLoader choice preferContext:true Context:sun.misc.Launcher$AppClassLoader Caller:org.apache.maven.surefire.booter.IsolatedClassLoader
14.4.2013 23:03:52 com.avaje.ebeaninternal.server.deploy.BeanDescriptorManager deploy
SEVERE: Error in deployment
java.lang.RuntimeException: Error reading annotations for olutopas.model.Beer
	at com.avaje.ebeaninternal.server.deploy.parse.ReadAnnotations.readAssociations(ReadAnnotations.java:54)
	at com.avaje.ebeaninternal.server.deploy.BeanDescriptorManager.readDeployAssociations(BeanDescriptorManager.java:1034)
	at com.avaje.ebeaninternal.server.deploy.BeanDescriptorManager.readEntityDeploymentAssociations(BeanDescriptorManager.java:565)
	at com.avaje.ebeaninternal.server.deploy.BeanDescriptorManager.deploy(BeanDescriptorManager.java:252)
	at com.avaje.ebeaninternal.server.core.InternalConfiguration.&lt;init&gt;(InternalConfiguration.java:124)
	at com.avaje.ebeaninternal.server.core.DefaultServerFactory.createServer(DefaultServerFactory.java:210)
	at com.avaje.ebeaninternal.server.core.DefaultServerFactory.createServer(DefaultServerFactory.java:64)
	at com.avaje.ebean.EbeanServerFactory.create(EbeanServerFactory.java:59)
	at olutopas.BeerTest.setUp(BeerTest.java:38)
	at sun.reflect.NativeMethodAccessorImpl.invoke0(Native Method)
	at sun.reflect.NativeMethodAccessorImpl.invoke(NativeMethodAccessorImpl.java:57)
	at sun.reflect.DelegatingMethodAccessorImpl.invoke(DelegatingMethodAccessorImpl.java:43)
	at java.lang.reflect.Method.invoke(Method.java:616)
	at org.junit.runners.model.FrameworkMethod$1.runReflectiveCall(FrameworkMethod.java:45)
	at org.junit.internal.runners.model.ReflectiveCallable.run(ReflectiveCallable.java:15)
	at org.junit.runners.model.FrameworkMethod.invokeExplosively(FrameworkMethod.java:42)
	at org.junit.internal.runners.statements.RunBefores.evaluate(RunBefores.java:27)
	at org.junit.runners.ParentRunner.runLeaf(ParentRunner.java:263)
	at org.junit.runners.BlockJUnit4ClassRunner.runChild(BlockJUnit4ClassRunner.java:68)
	at org.junit.runners.BlockJUnit4ClassRunner.runChild(BlockJUnit4ClassRunner.java:47)
	at org.junit.runners.ParentRunner$3.run(ParentRunner.java:231)
	at org.junit.runners.ParentRunner$1.schedule(ParentRunner.java:60)
	at org.junit.runners.ParentRunner.runChildren(ParentRunner.java:229)
	at org.junit.runners.ParentRunner.access$000(ParentRunner.java:50)
	at org.junit.runners.ParentRunner$2.evaluate(ParentRunner.java:222)
	at org.junit.runners.ParentRunner.run(ParentRunner.java:300)
	at org.apache.maven.surefire.junit4.JUnit4TestSet.execute(JUnit4TestSet.java:53)
	at org.apache.maven.surefire.junit4.JUnit4Provider.executeTestSet(JUnit4Provider.java:123)
	at org.apache.maven.surefire.junit4.JUnit4Provider.invoke(JUnit4Provider.java:104)
	at sun.reflect.NativeMethodAccessorImpl.invoke0(Native Method)
	at sun.reflect.NativeMethodAccessorImpl.invoke(NativeMethodAccessorImpl.java:57)
	at sun.reflect.DelegatingMethodAccessorImpl.invoke(DelegatingMethodAccessorImpl.java:43)
	at java.lang.reflect.Method.invoke(Method.java:616)
	at org.apache.maven.surefire.util.ReflectionUtils.invokeMethodWithArray(ReflectionUtils.java:164)
	at org.apache.maven.surefire.booter.ProviderFactory$ProviderProxy.invoke(ProviderFactory.java:110)
	at org.apache.maven.surefire.booter.SurefireStarter.invokeProvider(SurefireStarter.java:175)
	at org.apache.maven.surefire.booter.SurefireStarter.runSuitesInProcessWhenForked(SurefireStarter.java:107)
	at org.apache.maven.surefire.booter.ForkedBooter.main(ForkedBooter.java:68)
Caused by: java.lang.RuntimeException: Error with association to [class olutopas.model.Pub] from [olutopas.model.Beer.pubs]. Is class olutopas.model.Pub registered?
	at com.avaje.ebeaninternal.server.deploy.parse.AnnotationAssocManys.readToMany(AnnotationAssocManys.java:285)
	at com.avaje.ebeaninternal.server.deploy.parse.AnnotationAssocManys.read(AnnotationAssocManys.java:70)
	at com.avaje.ebeaninternal.server.deploy.parse.AnnotationAssocManys.parse(AnnotationAssocManys.java:52)
	at com.avaje.ebeaninternal.server.deploy.parse.ReadAnnotations.readAssociations(ReadAnnotations.java:46)
	... 37 more
</system-err>
  </testcase>
</testsuite>